<?xml version="1.0" encoding="UTF-8"?>
<testsuite xmlns:xsi="http://www.w3.org/2001/XMLSchema-instance" xsi:noNamespaceSchemaLocation="https://maven.apache.org/surefire/maven-surefire-plugin/xsd/surefire-test-report-3.0.xsd" version="3.0" name="ics625activity11.Ics625activity11ApplicationTests" time="3.556" tests="1" errors="0" skipped="0" failures="0">
  <properties>
[...]
</properties>
  <testcase name="contextLoads" classname="ics625activity11.Ics625activity11ApplicationTests" time="0.902">
    <system-out><![CDATA[16:23:35.094 [main] INFO org.springframework.test.context.support.AnnotationConfigContextLoaderUtils -- Could not detect default configuration classes for test class [ics625activity11.Ics625activity11ApplicationTests]: Ics625activity11ApplicationTests does not declare any static, non-private, non-final, nested classes annotated with @Configuration.
16:23:35.280 [main] INFO org.springframework.boot.test.context.SpringBootTestContextBootstrapper -- Found @SpringBootConfiguration ics625activity11.Ics625activity11Application for test class ics625activity11.Ics625activity11ApplicationTests

  .   ____          _            __ _ _
 /\\ / ___'_ __ _ _(_)_ __  __ _ \ \ \ \
( ( )\___ | '_ | '_| | '_ \/ _` | \ \ \ \
 \\/  ___)| |_)| | | | | || (_| |  ) ) ) )
  '  |____| .__|_| |_|_| |_\__, | / / / /
 =========|_|==============|___/=/_/_/_/
 :: Spring Boot ::                (v3.1.5)

2023-11-19T16:23:35.821-06:00  INFO 16044 --- [           main] i.Ics625activity11ApplicationTests       : Starting Ics625activity11ApplicationTests using Java 20.0.2 with PID 16044 (started by tomco in C:\Users\tomco\OneDrive\Documents\Metro State\ICS 625 Web Services and SOA\wk 11\ics625activity11\ics625activity11)
2023-11-19T16:23:35.823-06:00  INFO 16044 --- [           main] i.Ics625activity11ApplicationTests       : No active profile set, falling back to 1 default profile: "default"
2023-11-19T16:23:36.794-06:00  INFO 16044 --- [           main] trationDelegate$BeanPostProcessorChecker : Bean 'org.springframework.ws.config.annotation.DelegatingWsConfiguration' of type [org.springframework.ws.config.annotation.DelegatingWsConfiguration$$SpringCGLIB$$0] is not eligible for getting processed by all BeanPostProcessors (for example: not eligible for auto-proxying)
2023-11-19T16:23:36.834-06:00  INFO 16044 --- [           main] .w.s.a.s.AnnotationActionEndpointMapping : Supporting [WS-Addressing August 2004, WS-Addressing 1.0]
2023-11-19T16:23:37.303-06:00  INFO 16044 --- [           main] o.s.b.a.w.s.WelcomePageHandlerMapping    : Adding welcome page: class path resource [static/index.html]
2023-11-19T16:23:37.490-06:00  INFO 16044 --- [           main] i.Ics625activity11ApplicationTests       : Started Ics625activity11ApplicationTests in 2.001 seconds (process running for 3.292)
]]></system-out>
  </testcase>
</testsuite>